<?xml version="1.0" encoding="UTF-8"?>
<!-- Generated by org.testng.reporters.JUnitReportReporter -->
<testsuite hostname="vasu-PC" name="com.vasu.testng.ValidationTest" tests="1" failures="0" timestamp="30 Aug 2018 03:17:09 GMT" time="0.032" errors="0">
  <testcase name="verify" time="0.032" classname="com.vasu.testng.ValidationTest"/>
</testsuite> <!-- com.vasu.testng.ValidationTest -->
