<?xml version="1.0" encoding="UTF-8"?>
<!-- Generated by org.testng.reporters.JUnitReportReporter -->
<testsuite hostname="vasu-PC" name="grid.Grid" tests="2" failures="0" timestamp="8 Aug 2018 04:34:56 GMT" time="73.600" errors="0">
  <testcase name="dropdownTest" time="26.646" classname="grid.Grid"/>
  <testcase name="dropdownTest" time="46.954" classname="grid.Grid"/>
</testsuite> <!-- grid.Grid -->
