<?xml version="1.0" encoding="UTF-8"?>
<!-- Generated by org.testng.reporters.JUnitReportReporter -->
<testsuite hostname="vasu-PC" name="com.vasu.testng.AddEmp" tests="1" failures="0" timestamp="30 Aug 2018 03:49:46 GMT" time="17.468" errors="0">
  <testcase name="empAdd" time="17.468" classname="com.vasu.testng.AddEmp"/>
</testsuite> <!-- com.vasu.testng.AddEmp -->
